2025-08-10 21:39:58,379 [Worker-6: Loading available Gradle versions] INFO  o.e.b.c.i.u.g.PublishedGradleVersions - Gradle version information cache is up-to-date. Trying to read.
2025-08-10 21:45:56,551 [Worker-8: 入門コンテンツのインポート] INFO  o.e.m.c.i.l.LifecycleMappingFactory - Using org.eclipse.m2e.jdt.JarLifecycleMapping lifecycle mapping for MavenProject: com.example:spring_kadai_todo:0.0.1-SNAPSHOT @ C:\Users\Yu-Ma_WPC\Terakoya_Study\springboot-basic-kadai\spring_kadai_todo\pom.xml.
2025-08-10 21:46:00,158 [Worker-8: 入門コンテンツのインポート] INFO  o.e.m.j.i.AbstractJavaProjectConfigurator - Adding source folder /spring_kadai_todo/src/main/java
2025-08-10 21:46:00,158 [Worker-8: 入門コンテンツのインポート] INFO  o.e.m.j.i.AbstractJavaProjectConfigurator - Adding resource folder /spring_kadai_todo/src/main/resources
2025-08-10 21:46:00,163 [Worker-8: 入門コンテンツのインポート] INFO  o.e.m.j.i.AbstractJavaProjectConfigurator - Adding resource folder /spring_kadai_todo/src/main/resources
2025-08-10 21:46:00,176 [Worker-8: 入門コンテンツのインポート] INFO  o.e.m.j.i.AbstractJavaProjectConfigurator - Adding source folder /spring_kadai_todo/src/test/java
2025-08-10 21:46:00,176 [Worker-8: 入門コンテンツのインポート] INFO  o.e.m.j.i.AbstractJavaProjectConfigurator - Adding resource folder /spring_kadai_todo/src/test/resources
2025-08-10 21:46:01,251 [Worker-8: 入門コンテンツのインポート] INFO  o.e.m.c.i.p.ProjectConfigurationManager - Imported and configured 1 project(s) in 7 sec
2025-08-10 21:46:01,258 [Worker-8: 入門コンテンツのインポート] INFO  o.e.m.c.i.p.ProjectConfigurationManager - Update started
2025-08-10 21:46:01,854 [Worker-8: 入門コンテンツのインポート] INFO  o.e.m.c.i.l.LifecycleMappingFactory - Using org.eclipse.m2e.jdt.JarLifecycleMapping lifecycle mapping for MavenProject: com.example:spring_kadai_todo:0.0.1-SNAPSHOT @ C:\Users\Yu-Ma_WPC\Terakoya_Study\springboot-basic-kadai\spring_kadai_todo\pom.xml.
2025-08-10 21:46:02,943 [Worker-8: 入門コンテンツのインポート] INFO  o.e.m.j.i.AbstractJavaProjectConfigurator - Adding source folder /spring_kadai_todo/src/main/java
2025-08-10 21:46:02,943 [Worker-8: 入門コンテンツのインポート] INFO  o.e.m.j.i.AbstractJavaProjectConfigurator - Adding resource folder /spring_kadai_todo/src/main/resources
2025-08-10 21:46:02,944 [Worker-8: 入門コンテンツのインポート] INFO  o.e.m.j.i.AbstractJavaProjectConfigurator - Adding resource folder /spring_kadai_todo/src/main/resources
2025-08-10 21:46:02,945 [Worker-8: 入門コンテンツのインポート] INFO  o.e.m.j.i.AbstractJavaProjectConfigurator - Adding source folder /spring_kadai_todo/src/test/java
2025-08-10 21:46:02,945 [Worker-8: 入門コンテンツのインポート] INFO  o.e.m.j.i.AbstractJavaProjectConfigurator - Adding resource folder /spring_kadai_todo/src/test/resources
2025-08-10 21:46:03,888 [Worker-8: 入門コンテンツのインポート] INFO  o.e.m.c.i.p.ProjectConfigurationManager - Update completed for 1 poms: local refresh takes 0.00 sec, refresh facades takes 1.00 sec, update config takes 0.00 sec 
2025-08-10 21:46:03,947 [Worker-14: Maven プロジェクトの更新中] INFO  o.e.m.c.i.p.ProjectConfigurationManager - Update started
2025-08-10 21:46:04,502 [Worker-14: Maven プロジェクトの更新中] INFO  o.e.m.c.i.l.LifecycleMappingFactory - Using org.eclipse.m2e.jdt.JarLifecycleMapping lifecycle mapping for MavenProject: com.example:spring_kadai_todo:0.0.1-SNAPSHOT @ C:\Users\Yu-Ma_WPC\Terakoya_Study\springboot-basic-kadai\spring_kadai_todo\pom.xml.
2025-08-10 21:46:05,927 [Worker-14: Maven プロジェクトの更新中] INFO  o.e.m.j.i.AbstractJavaProjectConfigurator - Adding source folder /spring_kadai_todo/src/main/java
2025-08-10 21:46:05,928 [Worker-14: Maven プロジェクトの更新中] INFO  o.e.m.j.i.AbstractJavaProjectConfigurator - Adding resource folder /spring_kadai_todo/src/main/resources
2025-08-10 21:46:05,928 [Worker-14: Maven プロジェクトの更新中] INFO  o.e.m.j.i.AbstractJavaProjectConfigurator - Adding resource folder /spring_kadai_todo/src/main/resources
2025-08-10 21:46:05,929 [Worker-14: Maven プロジェクトの更新中] INFO  o.e.m.j.i.AbstractJavaProjectConfigurator - Adding source folder /spring_kadai_todo/src/test/java
2025-08-10 21:46:05,929 [Worker-14: Maven プロジェクトの更新中] INFO  o.e.m.j.i.AbstractJavaProjectConfigurator - Adding resource folder /spring_kadai_todo/src/test/resources
2025-08-10 21:46:06,364 [Worker-14: Maven プロジェクトの更新中] INFO  o.e.m.c.i.p.ProjectConfigurationManager - Update completed for 1 poms: local refresh takes 0.00 sec, refresh facades takes 1.00 sec, update config takes 0.00 sec 
2025-08-10 21:46:07,774 [Worker-5: ビルド] INFO  o.a.m.s.f.DefaultMavenResourcesFiltering - Copying 1 resource from src\main\resources to target\classes
2025-08-10 21:46:07,800 [Worker-5: ビルド] INFO  o.a.m.s.f.DefaultMavenResourcesFiltering - Copying 0 resource from src\main\resources to target\classes
2025-08-10 21:46:07,807 [Worker-5: ビルド] INFO  o.a.m.s.f.DefaultMavenResourcesFiltering - skip non existing resourceDirectory C:\Users\Yu-Ma_WPC\Terakoya_Study\springboot-basic-kadai\spring_kadai_todo\src\test\resources
2025-08-10 21:57:07,909 [Worker-16: ビルド] INFO  o.a.m.s.f.DefaultMavenResourcesFiltering - Copying 1 resource from src\main\resources to target\classes
2025-08-10 21:57:07,926 [Worker-16: ビルド] INFO  o.a.m.s.f.DefaultMavenResourcesFiltering - Copying 0 resource from src\main\resources to target\classes
2025-08-10 21:57:07,936 [Worker-16: ビルド] INFO  o.a.m.s.f.DefaultMavenResourcesFiltering - skip non existing resourceDirectory C:\Users\Yu-Ma_WPC\Terakoya_Study\springboot-basic-kadai\spring_kadai_todo\src\test\resources
2025-08-10 21:57:36,426 [Worker-2: ビルド] INFO  o.a.m.s.f.DefaultMavenResourcesFiltering - Copying 1 resource from src\main\resources to target\classes
2025-08-10 21:57:36,438 [Worker-2: ビルド] INFO  o.a.m.s.f.DefaultMavenResourcesFiltering - Copying 0 resource from src\main\resources to target\classes
2025-08-10 21:57:36,444 [Worker-2: ビルド] INFO  o.a.m.s.f.DefaultMavenResourcesFiltering - skip non existing resourceDirectory C:\Users\Yu-Ma_WPC\Terakoya_Study\springboot-basic-kadai\spring_kadai_todo\src\test\resources
2025-08-10 22:01:07,400 [Worker-16: ビルド] INFO  o.a.m.s.f.DefaultMavenResourcesFiltering - Copying 1 resource from src\main\resources to target\classes
2025-08-10 22:01:07,415 [Worker-16: ビルド] INFO  o.a.m.s.f.DefaultMavenResourcesFiltering - Copying 0 resource from src\main\resources to target\classes
2025-08-10 22:01:07,425 [Worker-16: ビルド] INFO  o.a.m.s.f.DefaultMavenResourcesFiltering - skip non existing resourceDirectory C:\Users\Yu-Ma_WPC\Terakoya_Study\springboot-basic-kadai\spring_kadai_todo\src\test\resources
2025-08-10 22:01:48,664 [Worker-14: ビルド] INFO  o.a.m.s.f.DefaultMavenResourcesFiltering - Copying 1 resource from src\main\resources to target\classes
2025-08-10 22:01:48,677 [Worker-14: ビルド] INFO  o.a.m.s.f.DefaultMavenResourcesFiltering - Copying 0 resource from src\main\resources to target\classes
2025-08-10 22:01:48,688 [Worker-14: ビルド] INFO  o.a.m.s.f.DefaultMavenResourcesFiltering - skip non existing resourceDirectory C:\Users\Yu-Ma_WPC\Terakoya_Study\springboot-basic-kadai\spring_kadai_todo\src\test\resources
2025-08-10 22:02:27,052 [Worker-16: ビルド] INFO  o.a.m.s.f.DefaultMavenResourcesFiltering - Copying 0 resource from src\main\resources to target\classes
2025-08-10 22:02:27,057 [Worker-16: ビルド] INFO  o.a.m.s.f.DefaultMavenResourcesFiltering - Copying 1 resource from src\main\resources to target\classes
2025-08-10 22:02:27,068 [Worker-16: ビルド] INFO  o.a.m.s.f.DefaultMavenResourcesFiltering - skip non existing resourceDirectory C:\Users\Yu-Ma_WPC\Terakoya_Study\springboot-basic-kadai\spring_kadai_todo\src\test\resources
2025-08-10 22:04:08,668 [Worker-18: ビルド] INFO  o.a.m.s.f.DefaultMavenResourcesFiltering - Copying 0 resource from src\main\resources to target\classes
2025-08-10 22:04:08,672 [Worker-18: ビルド] INFO  o.a.m.s.f.DefaultMavenResourcesFiltering - Copying 1 resource from src\main\resources to target\classes
2025-08-10 22:04:08,681 [Worker-18: ビルド] INFO  o.a.m.s.f.DefaultMavenResourcesFiltering - skip non existing resourceDirectory C:\Users\Yu-Ma_WPC\Terakoya_Study\springboot-basic-kadai\spring_kadai_todo\src\test\resources
2025-08-10 22:05:11,409 [Worker-18: ビルド] INFO  o.a.m.s.f.DefaultMavenResourcesFiltering - Copying 0 resource from src\main\resources to target\classes
2025-08-10 22:05:11,415 [Worker-18: ビルド] INFO  o.a.m.s.f.DefaultMavenResourcesFiltering - Copying 1 resource from src\main\resources to target\classes
2025-08-10 22:05:11,431 [Worker-18: ビルド] INFO  o.a.m.s.f.DefaultMavenResourcesFiltering - skip non existing resourceDirectory C:\Users\Yu-Ma_WPC\Terakoya_Study\springboot-basic-kadai\spring_kadai_todo\src\test\resources
2025-08-10 22:14:56,711 [Worker-19: ビルド] INFO  o.a.m.s.f.DefaultMavenResourcesFiltering - Copying 1 resource from src\main\resources to target\classes
2025-08-10 22:14:56,721 [Worker-19: ビルド] INFO  o.a.m.s.f.DefaultMavenResourcesFiltering - Copying 1 resource from src\main\resources to target\classes
2025-08-10 22:14:56,726 [Worker-19: ビルド] INFO  o.a.m.s.f.DefaultMavenResourcesFiltering - skip non existing resourceDirectory C:\Users\Yu-Ma_WPC\Terakoya_Study\springboot-basic-kadai\spring_kadai_todo\src\test\resources
2025-08-10 22:17:43,594 [Worker-2: SpringKadaiTodoApplicationTests の起動] INFO  o.e.m.c.i.e.AbstractTransferListenerAdapter - Downloading https://repo.maven.apache.org/maven2/org/junit/platform/junit-platform-launcher/1.12.2/junit-platform-launcher-1.12.2.jar
2025-08-10 22:17:43,696 [Worker-2: SpringKadaiTodoApplicationTests の起動] INFO  o.e.m.c.i.e.AbstractTransferListenerAdapter - Downloaded https://repo.maven.apache.org/maven2/org/junit/platform/junit-platform-launcher/1.12.2/junit-platform-launcher-1.12.2.jar
2025-08-10 22:25:20,208 [Worker-24: ビルド] INFO  o.a.m.s.f.DefaultMavenResourcesFiltering - Copying 1 resource from src\main\resources to target\classes
2025-08-10 22:25:20,226 [Worker-24: ビルド] INFO  o.a.m.s.f.DefaultMavenResourcesFiltering - Copying 0 resource from src\main\resources to target\classes
2025-08-10 22:25:20,232 [Worker-24: ビルド] INFO  o.a.m.s.f.DefaultMavenResourcesFiltering - skip non existing resourceDirectory C:\Users\Yu-Ma_WPC\Terakoya_Study\springboot-basic-kadai\spring_kadai_todo\src\test\resources
2025-08-10 22:29:25,878 [Worker-25: ビルド] INFO  o.a.m.s.f.DefaultMavenResourcesFiltering - Copying 0 resource from src\main\resources to target\classes
2025-08-10 22:29:25,882 [Worker-25: ビルド] INFO  o.a.m.s.f.DefaultMavenResourcesFiltering - Copying 1 resource from src\main\resources to target\classes
2025-08-10 22:29:25,929 [Worker-25: ビルド] INFO  o.a.m.s.f.DefaultMavenResourcesFiltering - skip non existing resourceDirectory C:\Users\Yu-Ma_WPC\Terakoya_Study\springboot-basic-kadai\spring_kadai_todo\src\test\resources
2025-08-10 22:29:56,615 [Worker-19: ビルド] INFO  o.a.m.s.f.DefaultMavenResourcesFiltering - Copying 0 resource from src\main\resources to target\classes
2025-08-10 22:29:56,619 [Worker-19: ビルド] INFO  o.a.m.s.f.DefaultMavenResourcesFiltering - Copying 1 resource from src\main\resources to target\classes
2025-08-10 22:29:56,631 [Worker-19: ビルド] INFO  o.a.m.s.f.DefaultMavenResourcesFiltering - skip non existing resourceDirectory C:\Users\Yu-Ma_WPC\Terakoya_Study\springboot-basic-kadai\spring_kadai_todo\src\test\resources
2025-08-10 22:30:27,266 [Worker-14: ビルド] INFO  o.a.m.s.f.DefaultMavenResourcesFiltering - Copying 0 resource from src\main\resources to target\classes
2025-08-10 22:30:27,269 [Worker-14: ビルド] INFO  o.a.m.s.f.DefaultMavenResourcesFiltering - Copying 1 resource from src\main\resources to target\classes
2025-08-10 22:30:27,282 [Worker-14: ビルド] INFO  o.a.m.s.f.DefaultMavenResourcesFiltering - skip non existing resourceDirectory C:\Users\Yu-Ma_WPC\Terakoya_Study\springboot-basic-kadai\spring_kadai_todo\src\test\resources
2025-08-10 22:30:31,998 [Worker-19: ビルド] INFO  o.a.m.s.f.DefaultMavenResourcesFiltering - Copying 0 resource from src\main\resources to target\classes
2025-08-10 22:30:32,002 [Worker-19: ビルド] INFO  o.a.m.s.f.DefaultMavenResourcesFiltering - Copying 1 resource from src\main\resources to target\classes
2025-08-10 22:30:32,016 [Worker-19: ビルド] INFO  o.a.m.s.f.DefaultMavenResourcesFiltering - skip non existing resourceDirectory C:\Users\Yu-Ma_WPC\Terakoya_Study\springboot-basic-kadai\spring_kadai_todo\src\test\resources
2025-08-10 23:05:08,445 [Worker-27: ビルド] INFO  o.a.m.s.f.DefaultMavenResourcesFiltering - Copying 0 resource from src\main\resources to target\classes
2025-08-10 23:05:08,449 [Worker-27: ビルド] INFO  o.a.m.s.f.DefaultMavenResourcesFiltering - Copying 1 resource from src\main\resources to target\classes
2025-08-10 23:05:08,461 [Worker-27: ビルド] INFO  o.a.m.s.f.DefaultMavenResourcesFiltering - skip non existing resourceDirectory C:\Users\Yu-Ma_WPC\Terakoya_Study\springboot-basic-kadai\spring_kadai_todo\src\test\resources
2025-08-10 23:14:23,189 [Worker-38: ビルド] INFO  o.a.m.s.f.DefaultMavenResourcesFiltering - Copying 1 resource from src\main\resources to target\classes
2025-08-10 23:14:23,200 [Worker-38: ビルド] INFO  o.a.m.s.f.DefaultMavenResourcesFiltering - Copying 3 resources from src\main\resources to target\classes
2025-08-10 23:14:23,208 [Worker-38: ビルド] INFO  o.a.m.s.f.DefaultMavenResourcesFiltering - skip non existing resourceDirectory C:\Users\Yu-Ma_WPC\Terakoya_Study\springboot-basic-kadai\spring_kadai_todo\src\test\resources
2025-08-10 23:25:49,866 [Worker-40: ビルド] INFO  o.a.m.s.f.DefaultMavenResourcesFiltering - Copying 1 resource from src\main\resources to target\classes
2025-08-10 23:25:49,879 [Worker-40: ビルド] INFO  o.a.m.s.f.DefaultMavenResourcesFiltering - Copying 3 resources from src\main\resources to target\classes
2025-08-10 23:25:49,888 [Worker-40: ビルド] INFO  o.a.m.s.f.DefaultMavenResourcesFiltering - skip non existing resourceDirectory C:\Users\Yu-Ma_WPC\Terakoya_Study\springboot-basic-kadai\spring_kadai_todo\src\test\resources
2025-08-10 23:26:51,699 [Worker-45: ビルド] INFO  o.a.m.s.f.DefaultMavenResourcesFiltering - Copying 1 resource from src\main\resources to target\classes
2025-08-10 23:26:51,709 [Worker-45: ビルド] INFO  o.a.m.s.f.DefaultMavenResourcesFiltering - Copying 3 resources from src\main\resources to target\classes
2025-08-10 23:26:51,720 [Worker-45: ビルド] INFO  o.a.m.s.f.DefaultMavenResourcesFiltering - skip non existing resourceDirectory C:\Users\Yu-Ma_WPC\Terakoya_Study\springboot-basic-kadai\spring_kadai_todo\src\test\resources
2025-08-10 23:29:55,165 [Worker-27: ビルド] INFO  o.a.m.s.f.DefaultMavenResourcesFiltering - Copying 1 resource from src\main\resources to target\classes
2025-08-10 23:29:55,204 [Worker-27: ビルド] INFO  o.a.m.s.f.DefaultMavenResourcesFiltering - Copying 3 resources from src\main\resources to target\classes
2025-08-10 23:29:55,218 [Worker-27: ビルド] INFO  o.a.m.s.f.DefaultMavenResourcesFiltering - skip non existing resourceDirectory C:\Users\Yu-Ma_WPC\Terakoya_Study\springboot-basic-kadai\spring_kadai_todo\src\test\resources
2025-08-10 23:30:28,157 [Worker-40: ビルド] INFO  o.a.m.s.f.DefaultMavenResourcesFiltering - Copying 1 resource from src\main\resources to target\classes
2025-08-10 23:30:28,168 [Worker-40: ビルド] INFO  o.a.m.s.f.DefaultMavenResourcesFiltering - Copying 3 resources from src\main\resources to target\classes
2025-08-10 23:30:28,178 [Worker-40: ビルド] INFO  o.a.m.s.f.DefaultMavenResourcesFiltering - skip non existing resourceDirectory C:\Users\Yu-Ma_WPC\Terakoya_Study\springboot-basic-kadai\spring_kadai_todo\src\test\resources
2025-08-10 23:31:28,556 [Worker-46: ビルド] INFO  o.a.m.s.f.DefaultMavenResourcesFiltering - Copying 1 resource from src\main\resources to target\classes
2025-08-10 23:31:28,566 [Worker-46: ビルド] INFO  o.a.m.s.f.DefaultMavenResourcesFiltering - Copying 3 resources from src\main\resources to target\classes
2025-08-10 23:31:28,577 [Worker-46: ビルド] INFO  o.a.m.s.f.DefaultMavenResourcesFiltering - skip non existing resourceDirectory C:\Users\Yu-Ma_WPC\Terakoya_Study\springboot-basic-kadai\spring_kadai_todo\src\test\resources
2025-08-10 23:32:00,894 [Worker-27: ビルド] INFO  o.a.m.s.f.DefaultMavenResourcesFiltering - Copying 1 resource from src\main\resources to target\classes
2025-08-10 23:32:00,905 [Worker-27: ビルド] INFO  o.a.m.s.f.DefaultMavenResourcesFiltering - Copying 3 resources from src\main\resources to target\classes
2025-08-10 23:32:00,913 [Worker-27: ビルド] INFO  o.a.m.s.f.DefaultMavenResourcesFiltering - skip non existing resourceDirectory C:\Users\Yu-Ma_WPC\Terakoya_Study\springboot-basic-kadai\spring_kadai_todo\src\test\resources
2025-08-10 23:37:58,669 [Worker-42: ビルド] INFO  o.a.m.s.f.DefaultMavenResourcesFiltering - Copying 1 resource from src\main\resources to target\classes
2025-08-10 23:37:58,678 [Worker-42: ビルド] INFO  o.a.m.s.f.DefaultMavenResourcesFiltering - Copying 3 resources from src\main\resources to target\classes
2025-08-10 23:37:58,687 [Worker-42: ビルド] INFO  o.a.m.s.f.DefaultMavenResourcesFiltering - skip non existing resourceDirectory C:\Users\Yu-Ma_WPC\Terakoya_Study\springboot-basic-kadai\spring_kadai_todo\src\test\resources
2025-08-10 23:59:14,819 [Worker-38: ビルド] INFO  o.a.m.s.f.DefaultMavenResourcesFiltering - Copying 1 resource from src\main\resources to target\classes
2025-08-10 23:59:14,827 [Worker-38: ビルド] INFO  o.a.m.s.f.DefaultMavenResourcesFiltering - Copying 3 resources from src\main\resources to target\classes
2025-08-10 23:59:14,827 [Worker-38: ビルド] INFO  o.a.m.s.f.DefaultMavenResourcesFiltering - skip non existing resourceDirectory C:\Users\Yu-Ma_WPC\Terakoya_Study\springboot-basic-kadai\spring_kadai_todo\src\test\resources
2025-08-11 00:04:03,735 [Worker-45: ビルド] INFO  o.a.m.s.f.DefaultMavenResourcesFiltering - Copying 1 resource from src\main\resources to target\classes
2025-08-11 00:04:03,740 [Worker-45: ビルド] INFO  o.a.m.s.f.DefaultMavenResourcesFiltering - Copying 3 resources from src\main\resources to target\classes
2025-08-11 00:04:03,748 [Worker-45: ビルド] INFO  o.a.m.s.f.DefaultMavenResourcesFiltering - skip non existing resourceDirectory C:\Users\Yu-Ma_WPC\Terakoya_Study\springboot-basic-kadai\spring_kadai_todo\src\test\resources
2025-08-11 00:05:07,002 [Worker-45: ビルド] INFO  o.a.m.s.f.DefaultMavenResourcesFiltering - Copying 1 resource from src\main\resources to target\classes
2025-08-11 00:05:07,008 [Worker-45: ビルド] INFO  o.a.m.s.f.DefaultMavenResourcesFiltering - Copying 3 resources from src\main\resources to target\classes
2025-08-11 00:05:07,013 [Worker-45: ビルド] INFO  o.a.m.s.f.DefaultMavenResourcesFiltering - skip non existing resourceDirectory C:\Users\Yu-Ma_WPC\Terakoya_Study\springboot-basic-kadai\spring_kadai_todo\src\test\resources
2025-08-11 00:08:35,968 [Worker-50: ビルド] INFO  o.a.m.s.f.DefaultMavenResourcesFiltering - Copying 1 resource from src\main\resources to target\classes
2025-08-11 00:08:35,975 [Worker-50: ビルド] INFO  o.a.m.s.f.DefaultMavenResourcesFiltering - Copying 3 resources from src\main\resources to target\classes
2025-08-11 00:08:35,980 [Worker-50: ビルド] INFO  o.a.m.s.f.DefaultMavenResourcesFiltering - skip non existing resourceDirectory C:\Users\Yu-Ma_WPC\Terakoya_Study\springboot-basic-kadai\spring_kadai_todo\src\test\resources
2025-08-11 00:14:13,450 [Worker-50: ビルド] INFO  o.a.m.s.f.DefaultMavenResourcesFiltering - Copying 1 resource from src\main\resources to target\classes
2025-08-11 00:14:13,457 [Worker-50: ビルド] INFO  o.a.m.s.f.DefaultMavenResourcesFiltering - Copying 3 resources from src\main\resources to target\classes
2025-08-11 00:14:13,461 [Worker-50: ビルド] INFO  o.a.m.s.f.DefaultMavenResourcesFiltering - skip non existing resourceDirectory C:\Users\Yu-Ma_WPC\Terakoya_Study\springboot-basic-kadai\spring_kadai_todo\src\test\resources
2025-08-11 00:23:57,489 [Worker-40: ビルド] INFO  o.a.m.s.f.DefaultMavenResourcesFiltering - Copying 1 resource from src\main\resources to target\classes
2025-08-11 00:23:57,496 [Worker-40: ビルド] INFO  o.a.m.s.f.DefaultMavenResourcesFiltering - Copying 3 resources from src\main\resources to target\classes
2025-08-11 00:23:57,501 [Worker-40: ビルド] INFO  o.a.m.s.f.DefaultMavenResourcesFiltering - skip non existing resourceDirectory C:\Users\Yu-Ma_WPC\Terakoya_Study\springboot-basic-kadai\spring_kadai_todo\src\test\resources
2025-08-11 00:31:22,202 [Worker-55: ビルド] INFO  o.a.m.s.f.DefaultMavenResourcesFiltering - Copying 0 resource from src\main\resources to target\classes
2025-08-11 00:31:22,204 [Worker-55: ビルド] INFO  o.a.m.s.f.DefaultMavenResourcesFiltering - Copying 1 resource from src\main\resources to target\classes
2025-08-11 00:31:22,209 [Worker-55: ビルド] INFO  o.a.m.s.f.DefaultMavenResourcesFiltering - skip non existing resourceDirectory C:\Users\Yu-Ma_WPC\Terakoya_Study\springboot-basic-kadai\spring_kadai_todo\src\test\resources
2025-08-11 00:39:00,436 [Worker-59: ビルド] INFO  o.a.m.s.f.DefaultMavenResourcesFiltering - Copying 1 resource from src\main\resources to target\classes
2025-08-11 00:39:00,442 [Worker-59: ビルド] INFO  o.a.m.s.f.DefaultMavenResourcesFiltering - Copying 3 resources from src\main\resources to target\classes
2025-08-11 00:39:00,447 [Worker-59: ビルド] INFO  o.a.m.s.f.DefaultMavenResourcesFiltering - skip non existing resourceDirectory C:\Users\Yu-Ma_WPC\Terakoya_Study\springboot-basic-kadai\spring_kadai_todo\src\test\resources
2025-08-11 00:45:12,462 [Worker-60: ビルド] INFO  o.a.m.s.f.DefaultMavenResourcesFiltering - Copying 1 resource from src\main\resources to target\classes
2025-08-11 00:45:12,470 [Worker-60: ビルド] INFO  o.a.m.s.f.DefaultMavenResourcesFiltering - Copying 3 resources from src\main\resources to target\classes
2025-08-11 00:45:12,477 [Worker-60: ビルド] INFO  o.a.m.s.f.DefaultMavenResourcesFiltering - skip non existing resourceDirectory C:\Users\Yu-Ma_WPC\Terakoya_Study\springboot-basic-kadai\spring_kadai_todo\src\test\resources
2025-08-11 01:09:20,882 [Worker-71: ビルド] INFO  o.a.m.s.f.DefaultMavenResourcesFiltering - Copying 1 resource from src\main\resources to target\classes
2025-08-11 01:09:20,890 [Worker-71: ビルド] INFO  o.a.m.s.f.DefaultMavenResourcesFiltering - Copying 3 resources from src\main\resources to target\classes
2025-08-11 01:09:20,894 [Worker-71: ビルド] INFO  o.a.m.s.f.DefaultMavenResourcesFiltering - skip non existing resourceDirectory C:\Users\Yu-Ma_WPC\Terakoya_Study\springboot-basic-kadai\spring_kadai_todo\src\test\resources
2025-08-11 01:23:25,533 [Worker-70: ビルド] INFO  o.a.m.s.f.DefaultMavenResourcesFiltering - Copying 1 resource from src\main\resources to target\classes
2025-08-11 01:23:25,541 [Worker-70: ビルド] INFO  o.a.m.s.f.DefaultMavenResourcesFiltering - Copying 0 resource from src\main\resources to target\classes
2025-08-11 01:23:25,544 [Worker-70: ビルド] INFO  o.a.m.s.f.DefaultMavenResourcesFiltering - skip non existing resourceDirectory C:\Users\Yu-Ma_WPC\Terakoya_Study\springboot-basic-kadai\spring_kadai_todo\src\test\resources
2025-08-11 01:30:42,069 [Worker-80: ビルド] INFO  o.a.m.s.f.DefaultMavenResourcesFiltering - Copying 1 resource from src\main\resources to target\classes
2025-08-11 01:30:42,076 [Worker-80: ビルド] INFO  o.a.m.s.f.DefaultMavenResourcesFiltering - Copying 0 resource from src\main\resources to target\classes
2025-08-11 01:30:42,080 [Worker-80: ビルド] INFO  o.a.m.s.f.DefaultMavenResourcesFiltering - skip non existing resourceDirectory C:\Users\Yu-Ma_WPC\Terakoya_Study\springboot-basic-kadai\spring_kadai_todo\src\test\resources
2025-08-11 01:45:45,693 [Worker-90: ビルド] INFO  o.a.m.s.f.DefaultMavenResourcesFiltering - Copying 1 resource from src\main\resources to target\classes
2025-08-11 01:45:45,700 [Worker-90: ビルド] INFO  o.a.m.s.f.DefaultMavenResourcesFiltering - Copying 3 resources from src\main\resources to target\classes
2025-08-11 01:45:45,704 [Worker-90: ビルド] INFO  o.a.m.s.f.DefaultMavenResourcesFiltering - skip non existing resourceDirectory C:\Users\Yu-Ma_WPC\Terakoya_Study\springboot-basic-kadai\spring_kadai_todo\src\test\resources
2025-08-11 01:46:14,681 [Worker-90: ビルド] INFO  o.a.m.s.f.DefaultMavenResourcesFiltering - Copying 1 resource from src\main\resources to target\classes
2025-08-11 01:46:14,689 [Worker-90: ビルド] INFO  o.a.m.s.f.DefaultMavenResourcesFiltering - Copying 3 resources from src\main\resources to target\classes
2025-08-11 01:46:14,695 [Worker-90: ビルド] INFO  o.a.m.s.f.DefaultMavenResourcesFiltering - skip non existing resourceDirectory C:\Users\Yu-Ma_WPC\Terakoya_Study\springboot-basic-kadai\spring_kadai_todo\src\test\resources
2025-08-11 02:31:06,038 [Worker-103: ビルド] INFO  o.a.m.s.f.DefaultMavenResourcesFiltering - Copying 1 resource from src\main\resources to target\classes
2025-08-11 02:31:06,062 [Worker-103: ビルド] INFO  o.a.m.s.f.DefaultMavenResourcesFiltering - Copying 3 resources from src\main\resources to target\classes
2025-08-11 02:31:06,070 [Worker-103: ビルド] INFO  o.a.m.s.f.DefaultMavenResourcesFiltering - skip non existing resourceDirectory C:\Users\Yu-Ma_WPC\Terakoya_Study\springboot-basic-kadai\spring_kadai_todo\src\test\resources
